
> frontend-angular@0.0.0 build
> ng build

Node.js version v25.3.0 detected.
Odd numbered Node.js versions will not enter LTS status and should not be used for production. For more information, please see https://nodejs.org/en/about/previous-releases/.
[33m‚ùØ[39m Building...
[32m‚úî[39m Building...
Application bundle generation failed. [7.498 seconds]

[1m[31m[31mX [41;31m[[41;97mERROR[41;31m][0m [1mTS2354: This syntax requires an imported helper but module 'tslib' cannot be found.[0m [1m[35m[plugin angular-compiler][0m

    src/app/pages/home/auth-screen/auth-screen.component.ts:7:0:
[37m      7 ‚îÇ [32m@Component({[37m
        ‚ïµ [32m~~~~~~~~~~~~[0m


[31mX [41;31m[[41;97mERROR[41;31m][0m [1mTS2354: This syntax requires an imported helper but module 'tslib' cannot be found.[0m [1m[35m[plugin angular-compiler][0m

    src/app/services/auth.service.ts:16:0:
[37m      16 ‚îÇ [32m@Injectable({[37m
         ‚ïµ [32m~~~~~~~~~~~~~[0m

[39m[22m
